#
# A fatal error has been detected by the Java Runtime Environment:
#
#  EXCEPTION_ACCESS_VIOLATION (0xc0000005) at pc=0x00007ffdb60b97a9, pid=8640, tid=6928
#
# JRE version: OpenJDK Runtime Environment AdoptOpenJDK (11.0.10+9) (build 11.0.10+9)
# Java VM: OpenJDK 64-Bit Server VM AdoptOpenJDK (11.0.10+9, mixed mode, tiered, compressed oops, g1 gc, windows-amd64)
# Problematic frame:
# C  [halsim_gui.dll+0x497a9]
#
# No core dump will be written. Minidumps are not enabled by default on client versions of Windows
#
# If you would like to submit a bug report, please visit:
#   https://github.com/AdoptOpenJDK/openjdk-support/issues
# The crash happened outside the Java Virtual Machine in native code.
# See problematic frame for where to report the bug.
#

---------------  S U M M A R Y ------------

Command Line: -Djava.library.path=C:\Users\quinn\OneDrive\Documents\GitHub\2022CompetitionRobot\build\jni\release -Dfile.encoding=windows-1252 -Duser.country=US -Duser.language=en -Duser.variant C:\Users\quinn\OneDrive\Documents\GitHub\2022CompetitionRobot\build\libs\2022CompetitionRobot.jar

Host: Intel(R) Core(TM) i5-10210U CPU @ 1.60GHz, 8 cores, 7G,  Windows 10 , 64 bit Build 19041 (10.0.19041.1466)
Time: Sat Jan 22 13:15:07 2022 Pacific Standard Time elapsed time: 246.414968 seconds (0d 0h 4m 6s)

---------------  T H R E A D  ---------------

Current thread (0x000001b4e0b57800):  JavaThread "main" [_thread_in_native, id=6928, stack(0x00000039aec00000,0x00000039aed00000)]

Stack: [0x00000039aec00000,0x00000039aed00000],  sp=0x00000039aecfef40,  free space=1019k
Native frames: (J=compiled Java code, j=interpreted, Vv=VM code, C=native code)
C  [halsim_gui.dll+0x497a9]

Java frames: (J=compiled Java code, j=interpreted, Vv=VM code)
j  edu.wpi.first.hal.HAL.runMain()V+0
j  edu.wpi.first.wpilibj.RobotBase.startRobot(Ljava/util/function/Supplier;)V+79
j  org.frcteam2910.c2022.Main.main([Ljava/lang/String;)V+5
v  ~StubRoutines::call_stub

siginfo: EXCEPTION_ACCESS_VIOLATION (0xc0000005), reading address 0xffffffffffffffff


Register to memory mapping:

RIP=0x00007ffdb60b97a9 halsim_gui.dll
RAX=0xbfe5999990000000 is an unknown value
RBX=0x000001b480e108d0 points into unknown readable memory: 0xbfe5999990000000 | 00 00 00 90 99 99 e5 bf
RCX=0x0000000000000002 is an unknown value
RDX=0x000001b486af2a60 points into unknown readable memory: 0x00007ffdb6171530 | 30 15 17 b6 fd 7f 00 00
RSP=0x00000039aecfef40 is pointing into the stack for thread: 0x000001b4e0b57800
RBP=0x00000039aecff040 is pointing into the stack for thread: 0x000001b4e0b57800
RSI=0x000001b480dd9fb0 points into unknown readable memory: 0x000001b480de6f10 | 10 6f de 80 b4 01 00 00
RDI=0x0000000000000003 is an unknown value
R8 =0x000001b480e108f0 points into unknown readable memory: 0x00007ffdb6171048 | 48 10 17 b6 fd 7f 00 00
R9 =0x000001b480dd5bb0 points into unknown readable memory: 0x0000000000000000 | 00 00 00 00 00 00 00 00
R10=0x0 is NULL
R11=
[error occurred during error reporting (printing register info), id 0xc0000005, EXCEPTION_ACCESS_VIOLATION (0xc0000005) at pc=0x00007ffd8497a166]

Registers:
RAX=0xbfe5999990000000, RBX=0x000001b480e108d0, RCX=0x0000000000000002, RDX=0x000001b486af2a60
RSP=0x00000039aecfef40, RBP=0x00000039aecff040, RSI=0x000001b480dd9fb0, RDI=0x0000000000000003
R8 =0x000001b480e108f0, R9 =0x000001b480dd5bb0, R10=0x0000000000000000, R11=0x000000009a8e3d33
R12=0x000001b480d88940, R13=0x000001b480d88940, R14=0x0000000000000000, R15=0x0000000000000001
RIP=0x00007ffdb60b97a9, EFLAGS=0x0000000000010202

Top of Stack: (sp=0x00000039aecfef40)
0x00000039aecfef40:   000001b480dd9fb0 000001b480e108d0
0x00000039aecfef50:   000001b480dd9fb0 0000000000000000
0x00000039aecfef60:   00000039aecfef70 0000000000000000
0x00000039aecfef70:   0000000000000000 bf80000000000000
0x00000039aecfef80:   00000039aecff080 000001b4869eaf90
0x00000039aecfef90:   0000000000000080 000001b4869eb750
0x00000039aecfefa0:   0000000000000000 406ec873f961804d
0x00000039aecfefb0:   0000000000000000 000001b480e08bc8
0x00000039aecfefc0:   00000000000007d1 0000000000000000
0x00000039aecfefd0:   bf80000000000000 3d75c28f3d75c28f
0x00000039aecfefe0:   3f70a3d73d75c28f 0000000000000000
0x00000039aecfeff0:   0000000000000000 0000000000000000
0x00000039aecff000:   667568532f3a544e 6472616f62656c66
0x00000039aecff010:   7265626d696c432f 207465677261742f
0x00000039aecff020:   797469636f6c6576 30656d616e232323
0x00000039aecff030:   000000000000305f 0000000000000000 

Instructions: (pc=0x00007ffdb60b97a9)
0x00007ffdb60b96a9:   a8 00 00 00 c1 ea 06 80 e2 01 48 8b 88 18 01 00
0x00007ffdb60b96b9:   00 88 11 41 8b d0 48 8b 86 a8 00 00 00 d1 ea f6
0x00007ffdb60b96c9:   d2 80 e2 01 48 8b 88 20 01 00 00 88 11 41 8b d0
0x00007ffdb60b96d9:   48 8b 86 a8 00 00 00 c1 ea 02 41 c1 e8 03 f6 d2
0x00007ffdb60b96e9:   80 e2 01 41 f6 d0 48 8b 88 28 01 00 00 41 80 e0
0x00007ffdb60b96f9:   01 88 11 48 8b 86 a8 00 00 00 48 8b 88 30 01 00
0x00007ffdb60b9709:   00 44 88 01 48 8b 9c 24 68 01 00 00 4c 8b bc 24
0x00007ffdb60b9719:   10 01 00 00 48 8b 8c 24 f0 00 00 00 48 33 cc e8
0x00007ffdb60b9729:   63 a8 0a 00 0f 28 b4 24 00 01 00 00 48 81 c4 28
0x00007ffdb60b9739:   01 00 00 41 5e 41 5d 5f 5e c3 cc cc cc cc cc cc
0x00007ffdb60b9749:   cc cc cc cc cc cc cc 40 55 53 56 57 41 54 41 56
0x00007ffdb60b9759:   41 57 48 8d 6c 24 a0 48 81 ec 60 01 00 00 0f 29
0x00007ffdb60b9769:   b4 24 50 01 00 00 48 8b 05 c2 a4 14 00 48 33 c4
0x00007ffdb60b9779:   48 89 45 40 4d 8b f9 0f 28 f2 4c 8b e2 48 8b d9
0x00007ffdb60b9789:   e8 92 e6 ff ff 4c 8b 4b 40 49 83 79 10 00 75 1f
0x00007ffdb60b9799:   48 8d 4b 20 e8 fe 11 00 00 84 c0 74 0e 48 8b 03
0x00007ffdb60b97a9:   4c 8b 48 70 49 83 79 10 00 75 04 4c 8b 4b 38 49
0x00007ffdb60b97b9:   83 79 18 10 72 03 4d 8b 09 48 8b b5 c0 00 00 00
0x00007ffdb60b97c9:   4c 8d 05 60 79 0b 00 89 74 24 28 48 8d 4d c0 ba
0x00007ffdb60b97d9:   80 00 00 00 44 89 7c 24 20 e8 29 a0 fc ff 8b bb
0x00007ffdb60b97e9:   30 01 00 00 90 44 8b b3 34 01 00 00 90 f2 0f 11
0x00007ffdb60b97f9:   74 24 68 e8 9f 8a fe ff 48 8b c8 0f 57 c0 48 85
0x00007ffdb60b9809:   c0 78 07 f2 48 0f 2a c0 eb 12 48 d1 e8 83 e1 01
0x00007ffdb60b9819:   48 0b c1 f2 48 0f 2a c0 f2 0f 58 c0 f2 0f 59 05
0x00007ffdb60b9829:   ab 42 0b 00 48 8d 83 38 01 00 00 48 8b 4b 50 f3
0x00007ffdb60b9839:   0f 10 35 d8 2e 0b 00 48 89 44 24 78 89 7d 80 f2
0x00007ffdb60b9849:   0f 11 44 24 70 44 89 75 84 48 8b 01 f3 0f 10 40
0x00007ffdb60b9859:   0c 0f 2e c6 7a 35 75 33 41 b8 ff ff ff ff 48 8d
0x00007ffdb60b9869:   4d 88 41 8b d7 e8 5d 61 06 00 48 8b 4b 50 48 8b
0x00007ffdb60b9879:   11 8b 08 89 0a 8b 48 04 89 4a 04 8b 48 08 89 4a
0x00007ffdb60b9889:   08 8b 40 0c 48 8b 4b 50 89 42 0c 48 8b 83 b8 00
0x00007ffdb60b9899:   00 00 f3 0f 10 08 48 8b 01 48 8d 4c 24 30 0f 10 


Stack slot to memory mapping:
stack at sp + 0 slots: 0x000001b480dd9fb0 points into unknown readable memory: 0x000001b480de6f10 | 10 6f de 80 b4 01 00 00
stack at sp + 1 slots: 0x000001b480e108d0 points into unknown readable memory: 0xbfe5999990000000 | 00 00 00 90 99 99 e5 bf
stack at sp + 2 slots: 0x000001b480dd9fb0 points into unknown readable memory: 0x000001b480de6f10 | 10 6f de 80 b4 01 00 00
stack at sp + 3 slots: 0x0 is NULL
stack at sp + 4 slots: 0x00000039aecfef70 is pointing into the stack for thread: 0x000001b4e0b57800
stack at sp + 5 slots: 0x0 is NULL
stack at sp + 6 slots: 0x0 is NULL
stack at sp + 7 slots: 0xbf80000000000000 is an unknown value


---------------  P R O C E S S  ---------------

Threads class SMR info:
_java_thread_list=0x000001b486ba6d10, length=13, elements={
0x000001b4e0b57800, 0x000001b4802d5000, 0x000001b4802e0000, 0x000001b4802f2800,
0x000001b4802f5000, 0x000001b4802f6000, 0x000001b4802f9800, 0x000001b4802fe000,
0x000001b480307000, 0x000001b480ce5000, 0x000001b4825e0800, 0x000001b486a88800,
0x000001b486ac3800
}

Java Threads: ( => current thread )
=>0x000001b4e0b57800 JavaThread "main" [_thread_in_native, id=6928, stack(0x00000039aec00000,0x00000039aed00000)]
  0x000001b4802d5000 JavaThread "Reference Handler" daemon [_thread_blocked, id=17508, stack(0x00000039af300000,0x00000039af400000)]
  0x000001b4802e0000 JavaThread "Finalizer" daemon [_thread_blocked, id=7628, stack(0x00000039af400000,0x00000039af500000)]
  0x000001b4802f2800 JavaThread "Signal Dispatcher" daemon [_thread_blocked, id=20844, stack(0x00000039af500000,0x00000039af600000)]
  0x000001b4802f5000 JavaThread "Attach Listener" daemon [_thread_blocked, id=16756, stack(0x00000039af600000,0x00000039af700000)]
  0x000001b4802f6000 JavaThread "Service Thread" daemon [_thread_blocked, id=8892, stack(0x00000039af700000,0x00000039af800000)]
  0x000001b4802f9800 JavaThread "C2 CompilerThread0" daemon [_thread_blocked, id=21052, stack(0x00000039af800000,0x00000039af900000)]
  0x000001b4802fe000 JavaThread "C1 CompilerThread0" daemon [_thread_blocked, id=21340, stack(0x00000039af900000,0x00000039afa00000)]
  0x000001b480307000 JavaThread "Sweeper thread" daemon [_thread_blocked, id=16960, stack(0x00000039afa00000,0x00000039afb00000)]
  0x000001b480ce5000 JavaThread "Common-Cleaner" daemon [_thread_blocked, id=19152, stack(0x00000039afc00000,0x00000039afd00000)]
  0x000001b4825e0800 JavaThread "robot main" daemon [_thread_in_native, id=14028, stack(0x00000039b0200000,0x00000039b0300000)]
  0x000001b486a88800 JavaThread "FRCDriverStation" daemon [_thread_in_native, id=21412, stack(0x00000039b0500000,0x00000039b0600000)]
  0x000001b486ac3800 JavaThread "Thread-0" daemon [_thread_in_native, id=9112, stack(0x00000039b0600000,0x00000039b0700000)]

Other Threads:
  0x000001b4802d3000 VMThread "VM Thread" [stack: 0x00000039af200000,0x00000039af300000] [id=4884]
  0x000001b480ce0000 WatcherThread [stack: 0x00000039afb00000,0x00000039afc00000] [id=15992]
  0x000001b4e0b71000 GCTaskThread "GC Thread#0" [stack: 0x00000039aed00000,0x00000039aee00000] [id=14424]
  0x000001b486fe9000 GCTaskThread "GC Thread#1" [stack: 0x00000039b0700000,0x00000039b0800000] [id=17328]
  0x000001b486b16800 GCTaskThread "GC Thread#2" [stack: 0x00000039b0800000,0x00000039b0900000] [id=13568]
  0x000001b4e0ba3000 ConcurrentGCThread "G1 Main Marker" [stack: 0x00000039aee00000,0x00000039aef00000] [id=5852]
  0x000001b4e0ba5800 ConcurrentGCThread "G1 Conc#0" [stack: 0x00000039aef00000,0x00000039af000000] [id=10508]
  0x000001b4e0c38000 ConcurrentGCThread "G1 Refine#0" [stack: 0x00000039af000000,0x00000039af100000] [id=1516]
  0x000001b480120800 ConcurrentGCThread "G1 Young RemSet Sampling" [stack: 0x00000039af100000,0x00000039af200000] [id=4736]

Threads with active compile tasks:

VM state:not at safepoint (normal execution)

VM Mutex/Monitor currently owned by a thread: None

Heap address: 0x0000000083400000, size: 1996 MB, Compressed Oops mode: 32-bit
Narrow klass base: 0x0000000000000000, Narrow klass shift: 3
Compressed class space size: 1073741824 Address: 0x0000000100000000

Heap:
 garbage-first heap   total 129024K, used 47879K [0x0000000083400000, 0x0000000100000000)
  region size 1024K, 47 young (48128K), 1 survivors (1024K)
 Metaspace       used 8948K, capacity 9150K, committed 9472K, reserved 1058816K
  class space    used 851K, capacity 945K, committed 1024K, reserved 1048576K
Heap Regions: E=young(eden), S=young(survivor), O=old, HS=humongous(starts), HC=humongous(continues), CS=collection set, F=free, A=archive, TAMS=top-at-mark-start (previous, next)
|   0|0x0000000083400000, 0x0000000083500000, 0x0000000083500000|100%| O|  |TAMS 0x0000000083400000, 0x0000000083400000| Untracked 
|   1|0x0000000083500000, 0x00000000835c0400, 0x0000000083600000| 75%| O|  |TAMS 0x0000000083500000, 0x0000000083500000| Untracked 
|   2|0x0000000083600000, 0x0000000083600000, 0x0000000083700000|  0%| F|  |TAMS 0x0000000083600000, 0x0000000083600000| Untracked 
|   3|0x0000000083700000, 0x0000000083700000, 0x0000000083800000|  0%| F|  |TAMS 0x0000000083700000, 0x0000000083700000| Untracked 
|   4|0x0000000083800000, 0x0000000083800000, 0x0000000083900000|  0%| F|  |TAMS 0x0000000083800000, 0x0000000083800000| Untracked 
|   5|0x0000000083900000, 0x0000000083900000, 0x0000000083a00000|  0%| F|  |TAMS 0x0000000083900000, 0x0000000083900000| Untracked 
|   6|0x0000000083a00000, 0x0000000083a00000, 0x0000000083b00000|  0%| F|  |TAMS 0x0000000083a00000, 0x0000000083a00000| Untracked 
|   7|0x0000000083b00000, 0x0000000083b00000, 0x0000000083c00000|  0%| F|  |TAMS 0x0000000083b00000, 0x0000000083b00000| Untracked 
|   8|0x0000000083c00000, 0x0000000083c00000, 0x0000000083d00000|  0%| F|  |TAMS 0x0000000083c00000, 0x0000000083c00000| Untracked 
|   9|0x0000000083d00000, 0x0000000083d00000, 0x0000000083e00000|  0%| F|  |TAMS 0x0000000083d00000, 0x0000000083d00000| Untracked 
|  10|0x0000000083e00000, 0x0000000083e00000, 0x0000000083f00000|  0%| F|  |TAMS 0x0000000083e00000, 0x0000000083e00000| Untracked 
|  11|0x0000000083f00000, 0x0000000083f00000, 0x0000000084000000|  0%| F|  |TAMS 0x0000000083f00000, 0x0000000083f00000| Untracked 
|  12|0x0000000084000000, 0x0000000084000000, 0x0000000084100000|  0%| F|  |TAMS 0x0000000084000000, 0x0000000084000000| Untracked 
|  13|0x0000000084100000, 0x0000000084100000, 0x0000000084200000|  0%| F|  |TAMS 0x0000000084100000, 0x0000000084100000| Untracked 
|  14|0x0000000084200000, 0x0000000084200000, 0x0000000084300000|  0%| F|  |TAMS 0x0000000084200000, 0x0000000084200000| Untracked 
|  15|0x0000000084300000, 0x0000000084300000, 0x0000000084400000|  0%| F|  |TAMS 0x0000000084300000, 0x0000000084300000| Untracked 
|  16|0x0000000084400000, 0x0000000084400000, 0x0000000084500000|  0%| F|  |TAMS 0x0000000084400000, 0x0000000084400000| Untracked 
|  17|0x0000000084500000, 0x0000000084500000, 0x0000000084600000|  0%| F|  |TAMS 0x0000000084500000, 0x0000000084500000| Untracked 
|  18|0x0000000084600000, 0x0000000084600000, 0x0000000084700000|  0%| F|  |TAMS 0x0000000084600000, 0x0000000084600000| Untracked 
|  19|0x0000000084700000, 0x0000000084700000, 0x0000000084800000|  0%| F|  |TAMS 0x0000000084700000, 0x0000000084700000| Untracked 
|  20|0x0000000084800000, 0x0000000084800000, 0x0000000084900000|  0%| F|  |TAMS 0x0000000084800000, 0x0000000084800000| Untracked 
|  21|0x0000000084900000, 0x0000000084900000, 0x0000000084a00000|  0%| F|  |TAMS 0x0000000084900000, 0x0000000084900000| Untracked 
|  22|0x0000000084a00000, 0x0000000084a00000, 0x0000000084b00000|  0%| F|  |TAMS 0x0000000084a00000, 0x0000000084a00000| Untracked 
|  23|0x0000000084b00000, 0x0000000084b00000, 0x0000000084c00000|  0%| F|  |TAMS 0x0000000084b00000, 0x0000000084b00000| Untracked 
|  24|0x0000000084c00000, 0x0000000084c00000, 0x0000000084d00000|  0%| F|  |TAMS 0x0000000084c00000, 0x0000000084c00000| Untracked 
|  25|0x0000000084d00000, 0x0000000084d00000, 0x0000000084e00000|  0%| F|  |TAMS 0x0000000084d00000, 0x0000000084d00000| Untracked 
|  26|0x0000000084e00000, 0x0000000084e00000, 0x0000000084f00000|  0%| F|  |TAMS 0x0000000084e00000, 0x0000000084e00000| Untracked 
|  27|0x0000000084f00000, 0x0000000084f00000, 0x0000000085000000|  0%| F|  |TAMS 0x0000000084f00000, 0x0000000084f00000| Untracked 
|  28|0x0000000085000000, 0x0000000085000000, 0x0000000085100000|  0%| F|  |TAMS 0x0000000085000000, 0x0000000085000000| Untracked 
|  29|0x0000000085100000, 0x0000000085100000, 0x0000000085200000|  0%| F|  |TAMS 0x0000000085100000, 0x0000000085100000| Untracked 
|  30|0x0000000085200000, 0x0000000085200000, 0x0000000085300000|  0%| F|  |TAMS 0x0000000085200000, 0x0000000085200000| Untracked 
|  31|0x0000000085300000, 0x0000000085300000, 0x0000000085400000|  0%| F|  |TAMS 0x0000000085300000, 0x0000000085300000| Untracked 
|  32|0x0000000085400000, 0x0000000085400000, 0x0000000085500000|  0%| F|  |TAMS 0x0000000085400000, 0x0000000085400000| Untracked 
|  33|0x0000000085500000, 0x0000000085500000, 0x0000000085600000|  0%| F|  |TAMS 0x0000000085500000, 0x0000000085500000| Untracked 
|  34|0x0000000085600000, 0x0000000085600000, 0x0000000085700000|  0%| F|  |TAMS 0x0000000085600000, 0x0000000085600000| Untracked 
|  35|0x0000000085700000, 0x0000000085700000, 0x0000000085800000|  0%| F|  |TAMS 0x0000000085700000, 0x0000000085700000| Untracked 
|  36|0x0000000085800000, 0x0000000085800000, 0x0000000085900000|  0%| F|  |TAMS 0x0000000085800000, 0x0000000085800000| Untracked 
|  37|0x0000000085900000, 0x0000000085900000, 0x0000000085a00000|  0%| F|  |TAMS 0x0000000085900000, 0x0000000085900000| Untracked 
|  38|0x0000000085a00000, 0x0000000085a00000, 0x0000000085b00000|  0%| F|  |TAMS 0x0000000085a00000, 0x0000000085a00000| Untracked 
|  39|0x0000000085b00000, 0x0000000085b00000, 0x0000000085c00000|  0%| F|  |TAMS 0x0000000085b00000, 0x0000000085b00000| Untracked 
|  40|0x0000000085c00000, 0x0000000085c00000, 0x0000000085d00000|  0%| F|  |TAMS 0x0000000085c00000, 0x0000000085c00000| Untracked 
|  41|0x0000000085d00000, 0x0000000085d00000, 0x0000000085e00000|  0%| F|  |TAMS 0x0000000085d00000, 0x0000000085d00000| Untracked 
|  42|0x0000000085e00000, 0x0000000085e00000, 0x0000000085f00000|  0%| F|  |TAMS 0x0000000085e00000, 0x0000000085e00000| Untracked 
|  43|0x0000000085f00000, 0x0000000085f00000, 0x0000000086000000|  0%| F|  |TAMS 0x0000000085f00000, 0x0000000085f00000| Untracked 
|  44|0x0000000086000000, 0x0000000086000000, 0x0000000086100000|  0%| F|  |TAMS 0x0000000086000000, 0x0000000086000000| Untracked 
|  45|0x0000000086100000, 0x0000000086100000, 0x0000000086200000|  0%| F|  |TAMS 0x0000000086100000, 0x0000000086100000| Untracked 
|  46|0x0000000086200000, 0x0000000086200000, 0x0000000086300000|  0%| F|  |TAMS 0x0000000086200000, 0x0000000086200000| Untracked 
|  47|0x0000000086300000, 0x0000000086300000, 0x0000000086400000|  0%| F|  |TAMS 0x0000000086300000, 0x0000000086300000| Untracked 
|  48|0x0000000086400000, 0x0000000086400000, 0x0000000086500000|  0%| F|  |TAMS 0x0000000086400000, 0x0000000086400000| Untracked 
|  49|0x0000000086500000, 0x0000000086500000, 0x0000000086600000|  0%| F|  |TAMS 0x0000000086500000, 0x0000000086500000| Untracked 
|  50|0x0000000086600000, 0x0000000086600000, 0x0000000086700000|  0%| F|  |TAMS 0x0000000086600000, 0x0000000086600000| Untracked 
|  51|0x0000000086700000, 0x0000000086701830, 0x0000000086800000|  0%| S|CS|TAMS 0x0000000086700000, 0x0000000086700000| Complete 
|  52|0x0000000086800000, 0x0000000086800000, 0x0000000086900000|  0%| F|  |TAMS 0x0000000086800000, 0x0000000086800000| Untracked 
|  53|0x0000000086900000, 0x0000000086900000, 0x0000000086a00000|  0%| F|  |TAMS 0x0000000086900000, 0x0000000086900000| Untracked 
|  54|0x0000000086a00000, 0x0000000086a00000, 0x0000000086b00000|  0%| F|  |TAMS 0x0000000086a00000, 0x0000000086a00000| Untracked 
|  55|0x0000000086b00000, 0x0000000086b00000, 0x0000000086c00000|  0%| F|  |TAMS 0x0000000086b00000, 0x0000000086b00000| Untracked 
|  56|0x0000000086c00000, 0x0000000086c00000, 0x0000000086d00000|  0%| F|  |TAMS 0x0000000086c00000, 0x0000000086c00000| Untracked 
|  57|0x0000000086d00000, 0x0000000086d00000, 0x0000000086e00000|  0%| F|  |TAMS 0x0000000086d00000, 0x0000000086d00000| Untracked 
|  58|0x0000000086e00000, 0x0000000086e00000, 0x0000000086f00000|  0%| F|  |TAMS 0x0000000086e00000, 0x0000000086e00000| Untracked 
|  59|0x0000000086f00000, 0x0000000086f00000, 0x0000000087000000|  0%| F|  |TAMS 0x0000000086f00000, 0x0000000086f00000| Untracked 
|  60|0x0000000087000000, 0x0000000087000000, 0x0000000087100000|  0%| F|  |TAMS 0x0000000087000000, 0x0000000087000000| Untracked 
|  61|0x0000000087100000, 0x0000000087100000, 0x0000000087200000|  0%| F|  |TAMS 0x0000000087100000, 0x0000000087100000| Untracked 
|  62|0x0000000087200000, 0x0000000087200000, 0x0000000087300000|  0%| F|  |TAMS 0x0000000087200000, 0x0000000087200000| Untracked 
|  63|0x0000000087300000, 0x0000000087300000, 0x0000000087400000|  0%| F|  |TAMS 0x0000000087300000, 0x0000000087300000| Untracked 
|  64|0x0000000087400000, 0x0000000087400000, 0x0000000087500000|  0%| F|  |TAMS 0x0000000087400000, 0x0000000087400000| Untracked 
|  65|0x0000000087500000, 0x0000000087500000, 0x0000000087600000|  0%| F|  |TAMS 0x0000000087500000, 0x0000000087500000| Untracked 
|  66|0x0000000087600000, 0x0000000087600000, 0x0000000087700000|  0%| F|  |TAMS 0x0000000087600000, 0x0000000087600000| Untracked 
|  67|0x0000000087700000, 0x0000000087700000, 0x0000000087800000|  0%| F|  |TAMS 0x0000000087700000, 0x0000000087700000| Untracked 
|  68|0x0000000087800000, 0x0000000087800000, 0x0000000087900000|  0%| F|  |TAMS 0x0000000087800000, 0x0000000087800000| Untracked 
|  69|0x0000000087900000, 0x0000000087900000, 0x0000000087a00000|  0%| F|  |TAMS 0x0000000087900000, 0x0000000087900000| Untracked 
|  70|0x0000000087a00000, 0x0000000087a00000, 0x0000000087b00000|  0%| F|  |TAMS 0x0000000087a00000, 0x0000000087a00000| Untracked 
|  71|0x0000000087b00000, 0x0000000087b00000, 0x0000000087c00000|  0%| F|  |TAMS 0x0000000087b00000, 0x0000000087b00000| Untracked 
|  72|0x0000000087c00000, 0x0000000087c00000, 0x0000000087d00000|  0%| F|  |TAMS 0x0000000087c00000, 0x0000000087c00000| Untracked 
|  73|0x0000000087d00000, 0x0000000087d00000, 0x0000000087e00000|  0%| F|  |TAMS 0x0000000087d00000, 0x0000000087d00000| Untracked 
|  74|0x0000000087e00000, 0x0000000087e00000, 0x0000000087f00000|  0%| F|  |TAMS 0x0000000087e00000, 0x0000000087e00000| Untracked 
|  75|0x0000000087f00000, 0x0000000087f00000, 0x0000000088000000|  0%| F|  |TAMS 0x0000000087f00000, 0x0000000087f00000| Untracked 
|  76|0x0000000088000000, 0x0000000088000000, 0x0000000088100000|  0%| F|  |TAMS 0x0000000088000000, 0x0000000088000000| Untracked 
|  77|0x0000000088100000, 0x0000000088100000, 0x0000000088200000|  0%| F|  |TAMS 0x0000000088100000, 0x0000000088100000| Untracked 
|  78|0x0000000088200000, 0x0000000088200000, 0x0000000088300000|  0%| F|  |TAMS 0x0000000088200000, 0x0000000088200000| Untracked 
|  79|0x0000000088300000, 0x0000000088300000, 0x0000000088400000|  0%| F|  |TAMS 0x0000000088300000, 0x0000000088300000| Untracked 
|  80|0x0000000088400000, 0x0000000088500000, 0x0000000088500000|100%| E|  |TAMS 0x0000000088400000, 0x0000000088400000| Complete 
|  81|0x0000000088500000, 0x0000000088600000, 0x0000000088600000|100%| E|CS|TAMS 0x0000000088500000, 0x0000000088500000| Complete 
|  82|0x0000000088600000, 0x0000000088700000, 0x0000000088700000|100%| E|CS|TAMS 0x0000000088600000, 0x0000000088600000| Complete 
|  83|0x0000000088700000, 0x0000000088800000, 0x0000000088800000|100%| E|CS|TAMS 0x0000000088700000, 0x0000000088700000| Complete 
|  84|0x0000000088800000, 0x0000000088900000, 0x0000000088900000|100%| E|CS|TAMS 0x0000000088800000, 0x0000000088800000| Complete 
|  85|0x0000000088900000, 0x0000000088a00000, 0x0000000088a00000|100%| E|CS|TAMS 0x0000000088900000, 0x0000000088900000| Complete 
|  86|0x0000000088a00000, 0x0000000088b00000, 0x0000000088b00000|100%| E|CS|TAMS 0x0000000088a00000, 0x0000000088a00000| Complete 
|  87|0x0000000088b00000, 0x0000000088c00000, 0x0000000088c00000|100%| E|CS|TAMS 0x0000000088b00000, 0x0000000088b00000| Complete 
|  88|0x0000000088c00000, 0x0000000088d00000, 0x0000000088d00000|100%| E|CS|TAMS 0x0000000088c00000, 0x0000000088c00000| Complete 
|  89|0x0000000088d00000, 0x0000000088e00000, 0x0000000088e00000|100%| E|CS|TAMS 0x0000000088d00000, 0x0000000088d00000| Complete 
|  90|0x0000000088e00000, 0x0000000088f00000, 0x0000000088f00000|100%| E|CS|TAMS 0x0000000088e00000, 0x0000000088e00000| Complete 
|  91|0x0000000088f00000, 0x0000000089000000, 0x0000000089000000|100%| E|CS|TAMS 0x0000000088f00000, 0x0000000088f00000| Complete 
|  92|0x0000000089000000, 0x0000000089100000, 0x0000000089100000|100%| E|CS|TAMS 0x0000000089000000, 0x0000000089000000| Complete 
|  93|0x0000000089100000, 0x0000000089200000, 0x0000000089200000|100%| E|CS|TAMS 0x0000000089100000, 0x0000000089100000| Complete 
|  94|0x0000000089200000, 0x0000000089300000, 0x0000000089300000|100%| E|CS|TAMS 0x0000000089200000, 0x0000000089200000| Complete 
|  95|0x0000000089300000, 0x0000000089400000, 0x0000000089400000|100%| E|CS|TAMS 0x0000000089300000, 0x0000000089300000| Complete 
|  96|0x0000000089400000, 0x0000000089500000, 0x0000000089500000|100%| E|CS|TAMS 0x0000000089400000, 0x0000000089400000| Complete 
|  97|0x0000000089500000, 0x0000000089600000, 0x0000000089600000|100%| E|CS|TAMS 0x0000000089500000, 0x0000000089500000| Complete 
|  98|0x0000000089600000, 0x0000000089700000, 0x0000000089700000|100%| E|CS|TAMS 0x0000000089600000, 0x0000000089600000| Complete 
|  99|0x0000000089700000, 0x0000000089800000, 0x0000000089800000|100%| E|CS|TAMS 0x0000000089700000, 0x0000000089700000| Complete 
| 100|0x0000000089800000, 0x0000000089900000, 0x0000000089900000|100%| E|CS|TAMS 0x0000000089800000, 0x0000000089800000| Complete 
| 101|0x0000000089900000, 0x0000000089a00000, 0x0000000089a00000|100%| E|CS|TAMS 0x0000000089900000, 0x0000000089900000| Complete 
| 102|0x0000000089a00000, 0x0000000089b00000, 0x0000000089b00000|100%| E|CS|TAMS 0x0000000089a00000, 0x0000000089a00000| Complete 
| 103|0x0000000089b00000, 0x0000000089c00000, 0x0000000089c00000|100%| E|CS|TAMS 0x0000000089b00000, 0x0000000089b00000| Complete 
| 104|0x0000000089c00000, 0x0000000089d00000, 0x0000000089d00000|100%| E|CS|TAMS 0x0000000089c00000, 0x0000000089c00000| Complete 
| 105|0x0000000089d00000, 0x0000000089e00000, 0x0000000089e00000|100%| E|CS|TAMS 0x0000000089d00000, 0x0000000089d00000| Complete 
| 106|0x0000000089e00000, 0x0000000089f00000, 0x0000000089f00000|100%| E|CS|TAMS 0x0000000089e00000, 0x0000000089e00000| Complete 
| 107|0x0000000089f00000, 0x000000008a000000, 0x000000008a000000|100%| E|CS|TAMS 0x0000000089f00000, 0x0000000089f00000| Complete 
| 108|0x000000008a000000, 0x000000008a100000, 0x000000008a100000|100%| E|CS|TAMS 0x000000008a000000, 0x000000008a000000| Complete 
| 109|0x000000008a100000, 0x000000008a200000, 0x000000008a200000|100%| E|CS|TAMS 0x000000008a100000, 0x000000008a100000| Complete 
| 110|0x000000008a200000, 0x000000008a300000, 0x000000008a300000|100%| E|CS|TAMS 0x000000008a200000, 0x000000008a200000| Complete 
| 111|0x000000008a300000, 0x000000008a400000, 0x000000008a400000|100%| E|CS|TAMS 0x000000008a300000, 0x000000008a300000| Complete 
| 112|0x000000008a400000, 0x000000008a500000, 0x000000008a500000|100%| E|CS|TAMS 0x000000008a400000, 0x000000008a400000| Complete 
| 113|0x000000008a500000, 0x000000008a600000, 0x000000008a600000|100%| E|CS|TAMS 0x000000008a500000, 0x000000008a500000| Complete 
| 114|0x000000008a600000, 0x000000008a700000, 0x000000008a700000|100%| E|CS|TAMS 0x000000008a600000, 0x000000008a600000| Complete 
| 115|0x000000008a700000, 0x000000008a800000, 0x000000008a800000|100%| E|CS|TAMS 0x000000008a700000, 0x000000008a700000| Complete 
| 116|0x000000008a800000, 0x000000008a900000, 0x000000008a900000|100%| E|CS|TAMS 0x000000008a800000, 0x000000008a800000| Complete 
| 117|0x000000008a900000, 0x000000008aa00000, 0x000000008aa00000|100%| E|CS|TAMS 0x000000008a900000, 0x000000008a900000| Complete 
| 118|0x000000008aa00000, 0x000000008ab00000, 0x000000008ab00000|100%| E|CS|TAMS 0x000000008aa00000, 0x000000008aa00000| Complete 
| 119|0x000000008ab00000, 0x000000008ac00000, 0x000000008ac00000|100%| E|CS|TAMS 0x000000008ab00000, 0x000000008ab00000| Complete 
| 120|0x000000008ac00000, 0x000000008ad00000, 0x000000008ad00000|100%| E|CS|TAMS 0x000000008ac00000, 0x000000008ac00000| Complete 
| 121|0x000000008ad00000, 0x000000008ae00000, 0x000000008ae00000|100%| E|CS|TAMS 0x000000008ad00000, 0x000000008ad00000| Complete 
| 122|0x000000008ae00000, 0x000000008af00000, 0x000000008af00000|100%| E|CS|TAMS 0x000000008ae00000, 0x000000008ae00000| Complete 
| 123|0x000000008af00000, 0x000000008b000000, 0x000000008b000000|100%| E|CS|TAMS 0x000000008af00000, 0x000000008af00000| Complete 
| 124|0x000000008b000000, 0x000000008b100000, 0x000000008b100000|100%| E|CS|TAMS 0x000000008b000000, 0x000000008b000000| Complete 
| 125|0x000000008b100000, 0x000000008b200000, 0x000000008b200000|100%| E|CS|TAMS 0x000000008b100000, 0x000000008b100000| Complete 

Card table byte_map: [0x000001b4f90c0000,0x000001b4f94b0000] _byte_map_base: 0x000001b4f8ca6000

Marking Bits (Prev, Next): (CMBitMap*) 0x000001b4e0b9a9d8, (CMBitMap*) 0x000001b4e0b9aa10
 Prev Bits: [0x000001b4f98a0000, 0x000001b4fb7d0000)
 Next Bits: [0x000001b4fb7d0000, 0x000001b4fd700000)

Polling page: 0x000001b4df510000

Metaspace:

Usage:
  Non-class:      8.01 MB capacity,     7.91 MB ( 99%) used,    85.74 KB (  1%) free+waste,    22.88 KB ( <1%) overhead. 
      Class:    945.00 KB capacity,   851.68 KB ( 90%) used,    81.95 KB (  9%) free+waste,    11.38 KB (  1%) overhead. 
       Both:      8.94 MB capacity,     8.74 MB ( 98%) used,   167.69 KB (  2%) free+waste,    34.25 KB ( <1%) overhead. 

Virtual space:
  Non-class space:       10.00 MB reserved,       8.25 MB ( 83%) committed 
      Class space:        1.00 GB reserved,       1.00 MB ( <1%) committed 
             Both:        1.01 GB reserved,       9.25 MB ( <1%) committed 

Chunk freelists:
   Non-Class:  51.00 KB
       Class:  15.00 KB
        Both:  66.00 KB

MaxMetaspaceSize: 17179869184.00 GB
CompressedClassSpaceSize: 1.00 GB

CodeHeap 'non-profiled nmethods': size=120000Kb used=871Kb max_used=871Kb free=119128Kb
 bounds [0x000001b4f0d30000, 0x000001b4f0fa0000, 0x000001b4f8260000]
CodeHeap 'profiled nmethods': size=120000Kb used=2158Kb max_used=2158Kb free=117841Kb
 bounds [0x000001b4e9800000, 0x000001b4e9a70000, 0x000001b4f0d30000]
CodeHeap 'non-nmethods': size=5760Kb used=1122Kb max_used=1167Kb free=4637Kb
 bounds [0x000001b4e9260000, 0x000001b4e94d0000, 0x000001b4e9800000]
 total_blobs=1696 nmethods=1243 adapters=365
 compilation: enabled
              stopped_count=0, restarted_count=0
 full_count=0

Compilation events (20 events):
Event: 133.629 Thread 0x000001b4802f9800 1233       4       edu.wpi.first.wpilibj2.command.CommandScheduler::lambda$initSendable$4 (248 bytes)
Event: 133.659 Thread 0x000001b4802f9800 nmethod 1233 0x000001b4f0e04990 code [0x000001b4f0e04c40, 0x000001b4f0e060d0]
Event: 133.659 Thread 0x000001b4802f9800 1235       4       org.frcteam2910.c2022.subsystems.ClimberSubsystem$$Lambda$15/0x00000001000bcc40::getAsDouble (8 bytes)
Event: 133.663 Thread 0x000001b4802f9800 nmethod 1235 0x000001b4f0e06d90 code [0x000001b4f0e06f40, 0x000001b4f0e07098]
Event: 133.663 Thread 0x000001b4802f9800 1236       4       org.frcteam2910.c2022.subsystems.ClimberSubsystem$$Lambda$21/0x00000001000c8840::getAsDouble (8 bytes)
Event: 133.663 Thread 0x000001b4802f9800 nmethod 1236 0x000001b4f0e07310 code [0x000001b4f0e074a0, 0x000001b4f0e07518]
Event: 154.097 Thread 0x000001b4802f9800 1237       4       org.frcteam2910.c2022.subsystems.ClimberSubsystem$$Lambda$19/0x00000001000c8040::getAsDouble (8 bytes)
Event: 154.098 Thread 0x000001b4802f9800 nmethod 1237 0x000001b4f0e07590 code [0x000001b4f0e07740, 0x000001b4f0e07898]
Event: 154.098 Thread 0x000001b4802f9800 1238       4       org.frcteam2910.c2022.subsystems.ClimberSubsystem$$Lambda$20/0x00000001000c8440::getAsDouble (8 bytes)
Event: 154.099 Thread 0x000001b4802f9800 nmethod 1238 0x000001b4f0e07b90 code [0x000001b4f0e07d20, 0x000001b4f0e07d98]
Event: 154.099 Thread 0x000001b4802f9800 1239       4       org.frcteam2910.c2022.subsystems.ShooterSubsystem$$Lambda$22/0x00000001000c8c40::getAsDouble (8 bytes)
Event: 154.100 Thread 0x000001b4802f9800 nmethod 1239 0x000001b4f0e07e10 code [0x000001b4f0e07fe0, 0x000001b4f0e08158]
Event: 154.100 Thread 0x000001b4802f9800 1240       4       org.frcteam2910.c2022.subsystems.ShooterSubsystem$$Lambda$23/0x00000001000c9040::getAsDouble (8 bytes)
Event: 154.102 Thread 0x000001b4802f9800 nmethod 1240 0x000001b4f0e08410 code [0x000001b4f0e085e0, 0x000001b4f0e08738]
Event: 175.826 Thread 0x000001b4802f9800 1241   !   4       edu.wpi.first.wpilibj.DriverStation$MatchDataSender::sendMatchData (368 bytes)
Event: 175.838 Thread 0x000001b4802f9800 nmethod 1241 0x000001b4f0e08a10 code [0x000001b4f0e08c20, 0x000001b4f0e09580]
Event: 176.998 Thread 0x000001b4802f9800 1242       4       edu.wpi.first.wpilibj2.command.Command::execute (1 bytes)
Event: 176.999 Thread 0x000001b4802f9800 nmethod 1242 0x000001b4f0e09d10 code [0x000001b4f0e09ea0, 0x000001b4f0e09ef8]
Event: 240.597 Thread 0x000001b4802fe000 1243       3       edu.wpi.first.wpilibj2.command.button.Trigger$1::run (38 bytes)
Event: 240.597 Thread 0x000001b4802fe000 nmethod 1243 0x000001b4e9a1b190 code [0x000001b4e9a1b380, 0x000001b4e9a1b858]

GC Heap History (20 events):
Event: 153.017 GC heap before
{Heap before GC invocations=13 (full 0):
 garbage-first heap   total 129024K, used 76408K [0x0000000083400000, 0x0000000100000000)
  region size 1024K, 75 young (76800K), 2 survivors (2048K)
 Metaspace       used 8947K, capacity 9150K, committed 9472K, reserved 1058816K
  class space    used 851K, capacity 945K, committed 1024K, reserved 1048576K
}
Event: 153.022 GC heap after
{Heap after GC invocations=14 (full 0):
 garbage-first heap   total 129024K, used 1655K [0x0000000083400000, 0x0000000100000000)
  region size 1024K, 2 young (2048K), 2 survivors (2048K)
 Metaspace       used 8947K, capacity 9150K, committed 9472K, reserved 1058816K
  class space    used 851K, capacity 945K, committed 1024K, reserved 1048576K
}
Event: 161.118 GC heap before
{Heap before GC invocations=14 (full 0):
 garbage-first heap   total 129024K, used 76407K [0x0000000083400000, 0x0000000100000000)
  region size 1024K, 75 young (76800K), 2 survivors (2048K)
 Metaspace       used 8947K, capacity 9150K, committed 9472K, reserved 1058816K
  class space    used 851K, capacity 945K, committed 1024K, reserved 1048576K
}
Event: 161.122 GC heap after
{Heap after GC invocations=15 (full 0):
 garbage-first heap   total 129024K, used 1726K [0x0000000083400000, 0x0000000100000000)
  region size 1024K, 2 young (2048K), 2 survivors (2048K)
 Metaspace       used 8947K, capacity 9150K, committed 9472K, reserved 1058816K
  class space    used 851K, capacity 945K, committed 1024K, reserved 1048576K
}
Event: 173.416 GC heap before
{Heap before GC invocations=15 (full 0):
 garbage-first heap   total 129024K, used 76478K [0x0000000083400000, 0x0000000100000000)
  region size 1024K, 75 young (76800K), 2 survivors (2048K)
 Metaspace       used 8947K, capacity 9150K, committed 9472K, reserved 1058816K
  class space    used 851K, capacity 945K, committed 1024K, reserved 1048576K
}
Event: 173.418 GC heap after
{Heap after GC invocations=16 (full 0):
 garbage-first heap   total 129024K, used 1874K [0x0000000083400000, 0x0000000100000000)
  region size 1024K, 1 young (1024K), 1 survivors (1024K)
 Metaspace       used 8947K, capacity 9150K, committed 9472K, reserved 1058816K
  class space    used 851K, capacity 945K, committed 1024K, reserved 1048576K
}
Event: 181.197 GC heap before
{Heap before GC invocations=16 (full 0):
 garbage-first heap   total 129024K, used 77650K [0x0000000083400000, 0x0000000100000000)
  region size 1024K, 75 young (76800K), 1 survivors (1024K)
 Metaspace       used 8947K, capacity 9150K, committed 9472K, reserved 1058816K
  class space    used 851K, capacity 945K, committed 1024K, reserved 1048576K
}
Event: 181.203 GC heap after
{Heap after GC invocations=17 (full 0):
 garbage-first heap   total 129024K, used 1770K [0x0000000083400000, 0x0000000100000000)
  region size 1024K, 1 young (1024K), 1 survivors (1024K)
 Metaspace       used 8947K, capacity 9150K, committed 9472K, reserved 1058816K
  class space    used 851K, capacity 945K, committed 1024K, reserved 1048576K
}
Event: 198.078 GC heap before
{Heap before GC invocations=17 (full 0):
 garbage-first heap   total 129024K, used 77546K [0x0000000083400000, 0x0000000100000000)
  region size 1024K, 75 young (76800K), 1 survivors (1024K)
 Metaspace       used 8947K, capacity 9150K, committed 9472K, reserved 1058816K
  class space    used 851K, capacity 945K, committed 1024K, reserved 1048576K
}
Event: 198.080 GC heap after
{Heap after GC invocations=18 (full 0):
 garbage-first heap   total 129024K, used 1788K [0x0000000083400000, 0x0000000100000000)
  region size 1024K, 1 young (1024K), 1 survivors (1024K)
 Metaspace       used 8947K, capacity 9150K, committed 9472K, reserved 1058816K
  class space    used 851K, capacity 945K, committed 1024K, reserved 1048576K
}
Event: 206.037 GC heap before
{Heap before GC invocations=18 (full 0):
 garbage-first heap   total 129024K, used 77564K [0x0000000083400000, 0x0000000100000000)
  region size 1024K, 75 young (76800K), 1 survivors (1024K)
 Metaspace       used 8947K, capacity 9150K, committed 9472K, reserved 1058816K
  class space    used 851K, capacity 945K, committed 1024K, reserved 1048576K
}
Event: 206.039 GC heap after
{Heap after GC invocations=19 (full 0):
 garbage-first heap   total 129024K, used 1789K [0x0000000083400000, 0x0000000100000000)
  region size 1024K, 1 young (1024K), 1 survivors (1024K)
 Metaspace       used 8947K, capacity 9150K, committed 9472K, reserved 1058816K
  class space    used 851K, capacity 945K, committed 1024K, reserved 1048576K
}
Event: 213.637 GC heap before
{Heap before GC invocations=19 (full 0):
 garbage-first heap   total 129024K, used 77565K [0x0000000083400000, 0x0000000100000000)
  region size 1024K, 75 young (76800K), 1 survivors (1024K)
 Metaspace       used 8947K, capacity 9150K, committed 9472K, reserved 1058816K
  class space    used 851K, capacity 945K, committed 1024K, reserved 1048576K
}
Event: 213.638 GC heap after
{Heap after GC invocations=20 (full 0):
 garbage-first heap   total 129024K, used 1790K [0x0000000083400000, 0x0000000100000000)
  region size 1024K, 1 young (1024K), 1 survivors (1024K)
 Metaspace       used 8947K, capacity 9150K, committed 9472K, reserved 1058816K
  class space    used 851K, capacity 945K, committed 1024K, reserved 1048576K
}
Event: 221.177 GC heap before
{Heap before GC invocations=20 (full 0):
 garbage-first heap   total 129024K, used 77566K [0x0000000083400000, 0x0000000100000000)
  region size 1024K, 75 young (76800K), 1 survivors (1024K)
 Metaspace       used 8947K, capacity 9150K, committed 9472K, reserved 1058816K
  class space    used 851K, capacity 945K, committed 1024K, reserved 1048576K
}
Event: 221.178 GC heap after
{Heap after GC invocations=21 (full 0):
 garbage-first heap   total 129024K, used 1792K [0x0000000083400000, 0x0000000100000000)
  region size 1024K, 1 young (1024K), 1 survivors (1024K)
 Metaspace       used 8947K, capacity 9150K, committed 9472K, reserved 1058816K
  class space    used 851K, capacity 945K, committed 1024K, reserved 1048576K
}
Event: 229.760 GC heap before
{Heap before GC invocations=21 (full 0):
 garbage-first heap   total 129024K, used 77568K [0x0000000083400000, 0x0000000100000000)
  region size 1024K, 75 young (76800K), 1 survivors (1024K)
 Metaspace       used 8947K, capacity 9150K, committed 9472K, reserved 1058816K
  class space    used 851K, capacity 945K, committed 1024K, reserved 1048576K
}
Event: 229.762 GC heap after
{Heap after GC invocations=22 (full 0):
 garbage-first heap   total 129024K, used 1796K [0x0000000083400000, 0x0000000100000000)
  region size 1024K, 1 young (1024K), 1 survivors (1024K)
 Metaspace       used 8947K, capacity 9150K, committed 9472K, reserved 1058816K
  class space    used 851K, capacity 945K, committed 1024K, reserved 1048576K
}
Event: 240.417 GC heap before
{Heap before GC invocations=22 (full 0):
 garbage-first heap   total 129024K, used 77572K [0x0000000083400000, 0x0000000100000000)
  region size 1024K, 75 young (76800K), 1 survivors (1024K)
 Metaspace       used 8948K, capacity 9150K, committed 9472K, reserved 1058816K
  class space    used 851K, capacity 945K, committed 1024K, reserved 1048576K
}
Event: 240.418 GC heap after
{Heap after GC invocations=23 (full 0):
 garbage-first heap   total 129024K, used 1799K [0x0000000083400000, 0x0000000100000000)
  region size 1024K, 1 young (1024K), 1 survivors (1024K)
 Metaspace       used 8948K, capacity 9150K, committed 9472K, reserved 1058816K
  class space    used 851K, capacity 945K, committed 1024K, reserved 1048576K
}

Deoptimization events (20 events):
Event: 108.776 Thread 0x000001b4825e0800 Uncommon trap: trap_request=0xffffffd6 fr.pc=0x000001b4f0df2c80 relative=0x0000000000000c20
Event: 108.776 Thread 0x000001b4825e0800 Uncommon trap: reason=array_check action=maybe_recompile pc=0x000001b4f0df2c80 method=java.util.AbstractCollection.toArray([Ljava/lang/Object;)[Ljava/lang/Object; @ 116 c2
Event: 108.776 Thread 0x000001b4825e0800 DEOPT PACKING pc=0x000001b4f0df2c80 sp=0x00000039b02ff040
Event: 108.777 Thread 0x000001b4825e0800 DEOPT UNPACKING pc=0x000001b4e92878af sp=0x00000039b02feff0 mode 2
Event: 108.798 Thread 0x000001b4825e0800 Uncommon trap: trap_request=0xffffffd6 fr.pc=0x000001b4f0df2c80 relative=0x0000000000000c20
Event: 108.798 Thread 0x000001b4825e0800 Uncommon trap: reason=array_check action=maybe_recompile pc=0x000001b4f0df2c80 method=java.util.AbstractCollection.toArray([Ljava/lang/Object;)[Ljava/lang/Object; @ 116 c2
Event: 108.798 Thread 0x000001b4825e0800 DEOPT PACKING pc=0x000001b4f0df2c80 sp=0x00000039b02ff040
Event: 108.798 Thread 0x000001b4825e0800 DEOPT UNPACKING pc=0x000001b4e92878af sp=0x00000039b02feff0 mode 2
Event: 239.317 Thread 0x000001b4825e0800 Uncommon trap: trap_request=0xffffff4d fr.pc=0x000001b4f0dd9db4 relative=0x0000000000000094
Event: 239.317 Thread 0x000001b4825e0800 Uncommon trap: reason=unstable_if action=reinterpret pc=0x000001b4f0dd9db4 method=edu.wpi.first.wpilibj2.command.button.Trigger$1.run()V @ 16 c2
Event: 239.317 Thread 0x000001b4825e0800 DEOPT PACKING pc=0x000001b4f0dd9db4 sp=0x00000039b02ff390
Event: 239.317 Thread 0x000001b4825e0800 DEOPT UNPACKING pc=0x000001b4e92878af sp=0x00000039b02ff320 mode 2
Event: 239.318 Thread 0x000001b4825e0800 Uncommon trap: trap_request=0xffffffde fr.pc=0x000001b4f0dbd5c0 relative=0x0000000000008540
Event: 239.318 Thread 0x000001b4825e0800 Uncommon trap: reason=class_check action=maybe_recompile pc=0x000001b4f0dbd5c0 method=edu.wpi.first.wpilibj2.command.CommandScheduler.run()V @ 362 c2
Event: 239.318 Thread 0x000001b4825e0800 DEOPT PACKING pc=0x000001b4f0dbd5c0 sp=0x00000039b02ff3c0
Event: 239.318 Thread 0x000001b4825e0800 DEOPT UNPACKING pc=0x000001b4e92878af sp=0x00000039b02ff470 mode 2
Event: 240.317 Thread 0x000001b4825e0800 Uncommon trap: trap_request=0xffffffde fr.pc=0x000001b4f0dbd5c0 relative=0x0000000000008540
Event: 240.317 Thread 0x000001b4825e0800 Uncommon trap: reason=class_check action=maybe_recompile pc=0x000001b4f0dbd5c0 method=edu.wpi.first.wpilibj2.command.CommandScheduler.run()V @ 362 c2
Event: 240.317 Thread 0x000001b4825e0800 DEOPT PACKING pc=0x000001b4f0dbd5c0 sp=0x00000039b02ff3c0
Event: 240.317 Thread 0x000001b4825e0800 DEOPT UNPACKING pc=0x000001b4e92878af sp=0x00000039b02ff470 mode 2

Classes redefined (0 events):
No events

Internal exceptions (15 events):
Event: 0.413 Thread 0x000001b4825e0800 Exception <a 'java/lang/NoSuchMethodError'{0x000000008ae80038}: 'java.lang.Object java.lang.invoke.DirectMethodHandle$Holder.invokeStatic(java.lang.Object, java.lang.Object, java.lang.Object, java.lang.Object, java.lang.Object, java.lang.Object, java.lang.Object, java.lang.Object, java.lang.Object, java.lang.Object, java.lang.Object, int)'> (0x000000008ae80038) thrown at [./src/hotspot/share/interpreter/linkResolver.cpp, line 773]
Event: 0.424 Thread 0x000001b4825e0800 Exception <a 'java/lang/NoSuchMethodError'{0x000000008ae9e730}: 'java.lang.Object java.lang.invoke.DirectMethodHandle$Holder.invokeStatic(java.lang.Object, java.lang.Object, java.lang.Object, java.lang.Object, java.lang.Object, java.lang.Object, java.lang.Object, java.lang.Object, java.lang.Object, java.lang.Object, java.lang.Object, int, int)'> (0x000000008ae9e730) thrown at [./src/hotspot/share/interpreter/linkResolver.cpp, line 773]
Event: 0.429 Thread 0x000001b4825e0800 Exception <a 'java/lang/NoSuchMethodError'{0x000000008aebd9d0}: 'java.lang.Object java.lang.invoke.DirectMethodHandle$Holder.invokeStatic(java.lang.Object, java.lang.Object, java.lang.Object, java.lang.Object, java.lang.Object, java.lang.Object, java.lang.Object, java.lang.Object, java.lang.Object, java.lang.Object, java.lang.Object, int, int, java.lang.Object)'> (0x000000008aebd9d0) thrown at [./src/hotspot/share/interpreter/linkResolver.cpp, line 773]
Event: 0.432 Thread 0x000001b4825e0800 Exception <a 'java/lang/NoSuchMethodError'{0x000000008aede1c0}: 'java.lang.Object java.lang.invoke.DirectMethodHandle$Holder.invokeStatic(java.lang.Object, java.lang.Object, java.lang.Object, java.lang.Object, java.lang.Object, java.lang.Object, java.lang.Object, java.lang.Object, java.lang.Object, java.lang.Object, java.lang.Object, int, int, java.lang.Object, java.lang.Object)'> (0x000000008aede1c0) thrown at [./src/hotspot/share/interpreter/linkResolver.cpp, line 773]
Event: 0.478 Thread 0x000001b4825e0800 Exception <a 'java/lang/NoSuchMethodError'{0x000000008adb94c0}: 'void java.lang.invoke.DirectMethodHandle$Holder.invokeSpecial(java.lang.Object, java.lang.Object)'> (0x000000008adb94c0) thrown at [./src/hotspot/share/interpreter/linkResolver.cpp, line 773]
Event: 0.492 Thread 0x000001b4825e0800 Exception <a 'java/lang/NoSuchMethodError'{0x000000008adea208}: 'void java.lang.invoke.DirectMethodHandle$Holder.invokeStaticInit(java.lang.Object)'> (0x000000008adea208) thrown at [./src/hotspot/share/interpreter/linkResolver.cpp, line 773]
Event: 0.496 Thread 0x000001b4825e0800 Exception <a 'java/lang/NoSuchMethodError'{0x000000008ac031e0}: 'void java.lang.invoke.DirectMethodHandle$Holder.invokeVirtual(java.lang.Object, java.lang.Object)'> (0x000000008ac031e0) thrown at [./src/hotspot/share/interpreter/linkResolver.cpp, line 773]
Event: 0.553 Thread 0x000001b4825e0800 Exception <a 'java/lang/NoSuchMethodError'{0x000000008ab69da8}: 'java.lang.Object java.lang.invoke.DirectMethodHandle$Holder.invokeStatic(java.lang.Object, java.lang.Object, java.lang.Object, java.lang.Object, java.lang.Object, java.lang.Object, java.lang.Object, java.lang.Object, java.lang.Object, java.lang.Object, java.lang.Object, java.lang.Object, java.lang.Object, int)'> (0x000000008ab69da8) thrown at [./src/hotspot/share/interpreter/linkResolver.cpp, line 773]
Event: 0.557 Thread 0x000001b4825e0800 Exception <a 'java/lang/NoSuchMethodError'{0x000000008ab765f0}: 'java.lang.Object java.lang.invoke.DirectMethodHandle$Holder.invokeStatic(java.lang.Object, java.lang.Object, java.lang.Object, java.lang.Object, java.lang.Object, java.lang.Object, java.lang.Object, java.lang.Object, java.lang.Object, java.lang.Object, java.lang.Object, java.lang.Object, java.lang.Object, int, int)'> (0x000000008ab765f0) thrown at [./src/hotspot/share/interpreter/linkResolver.cpp, line 773]
Event: 0.559 Thread 0x000001b4825e0800 Exception <a 'java/lang/NoSuchMethodError'{0x000000008ab833e0}: 'java.lang.Object java.lang.invoke.DirectMethodHandle$Holder.invokeStatic(java.lang.Object, java.lang.Object, java.lang.Object, java.lang.Object, java.lang.Object, java.lang.Object, java.lang.Object, java.lang.Object, java.lang.Object, java.lang.Object, java.lang.Object, java.lang.Object, java.lang.Object, int, int, java.lang.Object)'> (0x000000008ab833e0) thrown at [./src/hotspot/share/interpreter/linkResolver.cpp, line 773]
Event: 0.560 Thread 0x000001b4825e0800 Exception <a 'java/lang/NoSuchMethodError'{0x000000008ab90a20}: 'java.lang.Object java.lang.invoke.Invokers$Holder.linkToTargetMethod(java.lang.Object, int, java.lang.Object)'> (0x000000008ab90a20) thrown at [./src/hotspot/share/interpreter/linkResolver.cpp, line 773]
Event: 0.577 Thread 0x000001b4825e0800 Exception <a 'java/lang/NoSuchMethodError'{0x000000008abe25b0}: 'double java.lang.invoke.DirectMethodHandle$Holder.invokeVirtual(java.lang.Object, java.lang.Object)'> (0x000000008abe25b0) thrown at [./src/hotspot/share/interpreter/linkResolver.cpp, line 773]
Event: 0.577 Thread 0x000001b4825e0800 Exception <a 'java/lang/NoSuchMethodError'{0x000000008abe8788}: 'double java.lang.invoke.DirectMethodHandle$Holder.invokeInterface(java.lang.Object, java.lang.Object)'> (0x000000008abe8788) thrown at [./src/hotspot/share/interpreter/linkResolver.cpp, line 773]
Event: 0.579 Thread 0x000001b4825e0800 Exception <a 'java/lang/NoSuchMethodError'{0x000000008abf7c18}: 'double java.lang.invoke.DirectMethodHandle$Holder.invokeSpecial(java.lang.Object, java.lang.Object)'> (0x000000008abf7c18) thrown at [./src/hotspot/share/interpreter/linkResolver.cpp, line 773]
Event: 0.625 Thread 0x000001b4825e0800 Exception <a 'java/lang/NoSuchMethodError'{0x000000008a930588}: 'void java.lang.invoke.DirectMethodHandle$Holder.invokeVirtual(java.lang.Object, java.lang.Object, double)'> (0x000000008a930588) thrown at [./src/hotspot/share/interpreter/linkResolver.cpp, line 773]

Events (20 events):
Event: 153.017 Executing VM operation: G1CollectForAllocation
Event: 153.022 Executing VM operation: G1CollectForAllocation done
Event: 161.118 Executing VM operation: G1CollectForAllocation
Event: 161.122 Executing VM operation: G1CollectForAllocation done
Event: 173.416 Executing VM operation: G1CollectForAllocation
Event: 173.419 Executing VM operation: G1CollectForAllocation done
Event: 181.197 Executing VM operation: G1CollectForAllocation
Event: 181.203 Executing VM operation: G1CollectForAllocation done
Event: 198.078 Executing VM operation: G1CollectForAllocation
Event: 198.080 Executing VM operation: G1CollectForAllocation done
Event: 206.037 Executing VM operation: G1CollectForAllocation
Event: 206.039 Executing VM operation: G1CollectForAllocation done
Event: 213.637 Executing VM operation: G1CollectForAllocation
Event: 213.639 Executing VM operation: G1CollectForAllocation done
Event: 221.177 Executing VM operation: G1CollectForAllocation
Event: 221.178 Executing VM operation: G1CollectForAllocation done
Event: 229.760 Executing VM operation: G1CollectForAllocation
Event: 229.762 Executing VM operation: G1CollectForAllocation done
Event: 240.417 Executing VM operation: G1CollectForAllocation
Event: 240.418 Executing VM operation: G1CollectForAllocation done


Dynamic libraries:
0x00007ff683430000 - 0x00007ff68343d000 	C:\Program Files\AdoptOpenJDK\jdk-11.0.10.9-hotspot\bin\java.exe
0x00007ffe0a590000 - 0x00007ffe0a785000 	C:\WINDOWS\SYSTEM32\ntdll.dll
0x00007ffe08a20000 - 0x00007ffe08ade000 	C:\WINDOWS\System32\KERNEL32.DLL
0x00007ffe07e30000 - 0x00007ffe080f8000 	C:\WINDOWS\System32\KERNELBASE.dll
0x00007ffe08310000 - 0x00007ffe08410000 	C:\WINDOWS\System32\ucrtbase.dll
0x00007ffdfdd10000 - 0x00007ffdfdd25000 	C:\Program Files\AdoptOpenJDK\jdk-11.0.10.9-hotspot\bin\VCRUNTIME140.dll
0x00007ffde3f90000 - 0x00007ffde3fa7000 	C:\Program Files\AdoptOpenJDK\jdk-11.0.10.9-hotspot\bin\jli.dll
0x00007ffe08f00000 - 0x00007ffe090a1000 	C:\WINDOWS\System32\USER32.dll
0x00007ffde54a0000 - 0x00007ffde573a000 	C:\WINDOWS\WinSxS\amd64_microsoft.windows.common-controls_6595b64144ccf1df_6.0.19041.1110_none_60b5254171f9507e\COMCTL32.dll
0x00007ffe07ca0000 - 0x00007ffe07cc2000 	C:\WINDOWS\System32\win32u.dll
0x00007ffe08e60000 - 0x00007ffe08efe000 	C:\WINDOWS\System32\msvcrt.dll
0x00007ffe0a380000 - 0x00007ffe0a3ab000 	C:\WINDOWS\System32\GDI32.dll
0x00007ffe08150000 - 0x00007ffe0825d000 	C:\WINDOWS\System32\gdi32full.dll
0x00007ffe08530000 - 0x00007ffe085cd000 	C:\WINDOWS\System32\msvcp_win.dll
0x00007ffe09a40000 - 0x00007ffe09a70000 	C:\WINDOWS\System32\IMM32.DLL
0x00007ffdc4530000 - 0x00007ffdc45cb000 	C:\Program Files\AdoptOpenJDK\jdk-11.0.10.9-hotspot\bin\msvcp140.dll
0x00007ffd846a0000 - 0x00007ffd851e3000 	C:\Program Files\AdoptOpenJDK\jdk-11.0.10.9-hotspot\bin\server\jvm.dll
0x00007ffe085d0000 - 0x00007ffe0867e000 	C:\WINDOWS\System32\ADVAPI32.dll
0x00007ffe08be0000 - 0x00007ffe08c7c000 	C:\WINDOWS\System32\sechost.dll
0x00007ffe08680000 - 0x00007ffe087a5000 	C:\WINDOWS\System32\RPCRT4.dll
0x00007ffe08bc0000 - 0x00007ffe08bc8000 	C:\WINDOWS\System32\PSAPI.DLL
0x00007ffdffa90000 - 0x00007ffdffa99000 	C:\WINDOWS\SYSTEM32\WSOCK32.dll
0x00007ffdf93a0000 - 0x00007ffdf93aa000 	C:\WINDOWS\SYSTEM32\VERSION.dll
0x00007ffe0a4d0000 - 0x00007ffe0a53b000 	C:\WINDOWS\System32\WS2_32.dll
0x00007ffde9ba0000 - 0x00007ffde9bc7000 	C:\WINDOWS\SYSTEM32\WINMM.dll
0x00007ffe06520000 - 0x00007ffe06532000 	C:\WINDOWS\SYSTEM32\kernel.appcore.dll
0x00007ffdfe4c0000 - 0x00007ffdfe4d0000 	C:\Program Files\AdoptOpenJDK\jdk-11.0.10.9-hotspot\bin\verify.dll
0x00007ffe02060000 - 0x00007ffe02244000 	C:\WINDOWS\SYSTEM32\DBGHELP.DLL
0x00007ffde9bd0000 - 0x00007ffde9bfc000 	C:\WINDOWS\SYSTEM32\dbgcore.DLL
0x00007ffe084a0000 - 0x00007ffe08522000 	C:\WINDOWS\System32\bcryptPrimitives.dll
0x00007ffddf240000 - 0x00007ffddf268000 	C:\Program Files\AdoptOpenJDK\jdk-11.0.10.9-hotspot\bin\java.dll
0x00007ffdfdd00000 - 0x00007ffdfdd0a000 	C:\Program Files\AdoptOpenJDK\jdk-11.0.10.9-hotspot\bin\jimage.dll
0x00007ffdca880000 - 0x00007ffdca897000 	C:\Program Files\AdoptOpenJDK\jdk-11.0.10.9-hotspot\bin\zip.dll
0x00007ffe09140000 - 0x00007ffe09884000 	C:\WINDOWS\System32\SHELL32.dll
0x00007ffe05d70000 - 0x00007ffe06505000 	C:\WINDOWS\SYSTEM32\windows.storage.dll
0x00007ffe09b40000 - 0x00007ffe09e95000 	C:\WINDOWS\System32\combase.dll
0x00007ffe076f0000 - 0x00007ffe0771e000 	C:\WINDOWS\SYSTEM32\Wldp.dll
0x00007ffe09a70000 - 0x00007ffe09b1d000 	C:\WINDOWS\System32\SHCORE.dll
0x00007ffe088f0000 - 0x00007ffe08945000 	C:\WINDOWS\System32\shlwapi.dll
0x00007ffe07be0000 - 0x00007ffe07bff000 	C:\WINDOWS\SYSTEM32\profapi.dll
0x00007ffdc9290000 - 0x00007ffdc92a9000 	C:\Program Files\AdoptOpenJDK\jdk-11.0.10.9-hotspot\bin\net.dll
0x00007ffdf1680000 - 0x00007ffdf178c000 	C:\WINDOWS\SYSTEM32\WINHTTP.dll
0x00007ffe07400000 - 0x00007ffe0746a000 	C:\WINDOWS\system32\mswsock.dll
0x00007ffdc9270000 - 0x00007ffdc9282000 	C:\Program Files\AdoptOpenJDK\jdk-11.0.10.9-hotspot\bin\nio.dll
0x00007ffdd5630000 - 0x00007ffdd5671000 	C:\Users\quinn\OneDrive\Documents\GitHub\2022CompetitionRobot\build\jni\release\wpiHaljni.dll
0x00007ffdd2950000 - 0x00007ffdd295c000 	C:\WINDOWS\SYSTEM32\VCRUNTIME140_1.dll
0x00007ffdc4680000 - 0x00007ffdc4737000 	C:\Users\quinn\OneDrive\Documents\GitHub\2022CompetitionRobot\build\jni\release\wpiHal.dll
0x00007ffdb67a0000 - 0x00007ffdb6937000 	C:\Users\quinn\OneDrive\Documents\GitHub\2022CompetitionRobot\build\jni\release\wpiutil.dll
0x00007ffe07b60000 - 0x00007ffe07b8e000 	C:\WINDOWS\SYSTEM32\USERENV.dll
0x00007ffe070d0000 - 0x00007ffe0710b000 	C:\WINDOWS\SYSTEM32\IPHLPAPI.DLL
0x00007ffe07110000 - 0x00007ffe071db000 	C:\WINDOWS\SYSTEM32\DNSAPI.dll
0x00007ffe0a540000 - 0x00007ffe0a548000 	C:\WINDOWS\System32\NSI.dll
0x00007ffdb6070000 - 0x00007ffdb6222000 	C:\Users\quinn\OneDrive\Documents\GitHub\2022CompetitionRobot\build\jni\release\halsim_gui.dll
0x00007ffdffdc0000 - 0x00007ffe0021d000 	C:\WINDOWS\SYSTEM32\D3DCOMPILER_47.dll
0x00007ffe00220000 - 0x00007ffe00484000 	C:\WINDOWS\SYSTEM32\d3d11.dll
0x00007ffe07640000 - 0x00007ffe07658000 	C:\WINDOWS\SYSTEM32\CRYPTSP.dll
0x00007ffe06590000 - 0x00007ffe06684000 	C:\WINDOWS\SYSTEM32\dxgi.dll
0x00007ffdbbb50000 - 0x00007ffdbbc6b000 	C:\Users\quinn\OneDrive\Documents\GitHub\2022CompetitionRobot\build\jni\release\wpimath.dll
0x00007ffdbb960000 - 0x00007ffdbba0f000 	C:\Users\quinn\OneDrive\Documents\GitHub\2022CompetitionRobot\build\jni\release\ntcore.dll
0x00007ffe01a50000 - 0x00007ffe01aee000 	C:\WINDOWS\system32\uxtheme.dll
0x00007ffdce3b0000 - 0x00007ffdce3f5000 	C:\WINDOWS\SYSTEM32\dinput8.dll
0x00007ffdea030000 - 0x00007ffdea041000 	C:\WINDOWS\SYSTEM32\xinput1_4.dll
0x00007ffe08100000 - 0x00007ffe0814e000 	C:\WINDOWS\System32\cfgmgr32.dll
0x00007ffe07a40000 - 0x00007ffe07a74000 	C:\WINDOWS\SYSTEM32\DEVOBJ.dll
0x00007ffe01c60000 - 0x00007ffe01c8f000 	C:\WINDOWS\SYSTEM32\dwmapi.dll
0x00007ffdd89b0000 - 0x00007ffdd8b02000 	C:\WINDOWS\SYSTEM32\inputhost.dll
0x00007ffe08950000 - 0x00007ffe08a1d000 	C:\WINDOWS\System32\OLEAUT32.dll
0x00007ffdffb00000 - 0x00007ffdffbf6000 	C:\WINDOWS\SYSTEM32\PROPSYS.dll
0x00007ffe01650000 - 0x00007ffe01742000 	C:\WINDOWS\SYSTEM32\CoreMessaging.dll
0x00007ffe00b40000 - 0x00007ffe00c94000 	C:\WINDOWS\SYSTEM32\wintypes.dll
0x00007ffe01210000 - 0x00007ffe0156e000 	C:\WINDOWS\SYSTEM32\CoreUIComponents.dll
0x00007ffe069d0000 - 0x00007ffe06a03000 	C:\WINDOWS\SYSTEM32\ntmarta.dll
0x00007ffe0a3b0000 - 0x00007ffe0a4c5000 	C:\WINDOWS\System32\MSCTF.dll
0x00007ffe06510000 - 0x00007ffe0651d000 	C:\WINDOWS\SYSTEM32\HID.DLL
0x00007ffe09f00000 - 0x00007ffe0a372000 	C:\WINDOWS\System32\SETUPAPI.DLL
0x00007ffe08410000 - 0x00007ffe08437000 	C:\WINDOWS\System32\bcrypt.dll
0x00007ffe08440000 - 0x00007ffe084a0000 	C:\WINDOWS\System32\WINTRUST.dll
0x00007ffe07cd0000 - 0x00007ffe07e26000 	C:\WINDOWS\System32\CRYPT32.dll
0x00007ffe07880000 - 0x00007ffe07892000 	C:\WINDOWS\SYSTEM32\MSASN1.dll
0x00007ffde3fb0000 - 0x00007ffde40a9000 	C:\WINDOWS\SYSTEM32\textinputframework.dll
0x00007ffdd5700000 - 0x00007ffdd5766000 	C:\WINDOWS\system32\Oleacc.dll
0x00007ffdfa1f0000 - 0x00007ffdfbaa0000 	C:\WINDOWS\System32\DriverStore\FileRepository\iigd_dch.inf_amd64_14a5bb6045f923bf\igd10iumd64.dll
0x00007ffe08c80000 - 0x00007ffe08daa000 	C:\WINDOWS\System32\ole32.dll
0x00007ffe07760000 - 0x00007ffe07787000 	C:\WINDOWS\SYSTEM32\ncrypt.dll
0x00007ffe07720000 - 0x00007ffe0775b000 	C:\WINDOWS\SYSTEM32\NTASN1.dll
0x00007ffdf8f00000 - 0x00007ffdf9181000 	C:\WINDOWS\System32\DriverStore\FileRepository\iigd_dch.inf_amd64_14a5bb6045f923bf\igdgmm64.dll
0x00007ffdf5f30000 - 0x00007ffdf8d74000 	C:\WINDOWS\System32\DriverStore\FileRepository\iigd_dch.inf_amd64_14a5bb6045f923bf\igc64.dll
0x00007ffdfbf00000 - 0x00007ffdfbf3b000 	C:\WINDOWS\SYSTEM32\dxcore.dll
0x00007ffdd8cf0000 - 0x00007ffdd8d1a000 	C:\Users\quinn\OneDrive\Documents\GitHub\2022CompetitionRobot\build\jni\release\cscorejni.dll
0x00007ffdbb460000 - 0x00007ffdbb502000 	C:\Users\quinn\OneDrive\Documents\GitHub\2022CompetitionRobot\build\jni\release\cscore.dll
0x00007ffdb3140000 - 0x00007ffdb36a6000 	C:\Users\quinn\OneDrive\Documents\GitHub\2022CompetitionRobot\build\jni\release\opencv_imgproc452.dll
0x00007ffdba2f0000 - 0x00007ffdba421000 	C:\Users\quinn\OneDrive\Documents\GitHub\2022CompetitionRobot\build\jni\release\opencv_imgcodecs452.dll
0x00007ffdb08d0000 - 0x00007ffdb0c14000 	C:\Users\quinn\OneDrive\Documents\GitHub\2022CompetitionRobot\build\jni\release\opencv_core452.dll
0x00007ffdfd140000 - 0x00007ffdfd2fc000 	C:\WINDOWS\SYSTEM32\MFPlat.DLL
0x00007ffd9e900000 - 0x00007ffd9ea0a000 	C:\WINDOWS\SYSTEM32\MFReadWrite.dll
0x00007ffdfdba0000 - 0x00007ffdfdc24000 	C:\WINDOWS\SYSTEM32\MF.dll
0x00007ffdc4df0000 - 0x00007ffdc4e3e000 	C:\WINDOWS\SYSTEM32\CONCRT140.dll
0x00007ffd9e460000 - 0x00007ffd9e8f1000 	C:\WINDOWS\SYSTEM32\MFCORE.DLL
0x00007ffe07470000 - 0x00007ffe074bb000 	C:\WINDOWS\SYSTEM32\powrprof.dll
0x00007ffdfd770000 - 0x00007ffdfd779000 	C:\WINDOWS\SYSTEM32\ksuser.dll
0x00007ffe07660000 - 0x00007ffe0766c000 	C:\WINDOWS\SYSTEM32\CRYPTBASE.DLL
0x00007ffdfd330000 - 0x00007ffdfd366000 	C:\WINDOWS\SYSTEM32\RTWorkQ.DLL
0x00007ffe073e0000 - 0x00007ffe073f2000 	C:\WINDOWS\SYSTEM32\UMPDC.dll
0x00007ffddf220000 - 0x00007ffddf238000 	C:\Users\quinn\OneDrive\Documents\GitHub\2022CompetitionRobot\build\jni\release\ntcorejni.dll
0x00007ffdc3e80000 - 0x00007ffdc3ee8000 	C:\Users\quinn\OneDrive\Documents\GitHub\2022CompetitionRobot\build\jni\release\wpimathjni.dll
0x00007ffdfe9e0000 - 0x00007ffdfea4a000 	C:\WINDOWS\system32\Ninput.dll

dbghelp: loaded successfully - version: 4.0.5 - missing functions: none
symbol engine: initialized successfully - sym options: 0x614 - pdb path: .;C:\Program Files\AdoptOpenJDK\jdk-11.0.10.9-hotspot\bin;C:\WINDOWS\SYSTEM32;C:\WINDOWS\WinSxS\amd64_microsoft.windows.common-controls_6595b64144ccf1df_6.0.19041.1110_none_60b5254171f9507e;C:\Program Files\AdoptOpenJDK\jdk-11.0.10.9-hotspot\bin\server;C:\Users\quinn\OneDrive\Documents\GitHub\2022CompetitionRobot\build\jni\release;C:\WINDOWS\System32\DriverStore\FileRepository\iigd_dch.inf_amd64_14a5bb6045f923bf

VM Arguments:
jvm_args: -Djava.library.path=C:\Users\quinn\OneDrive\Documents\GitHub\2022CompetitionRobot\build\jni\release -Dfile.encoding=windows-1252 -Duser.country=US -Duser.language=en -Duser.variant 
java_command: C:\Users\quinn\OneDrive\Documents\GitHub\2022CompetitionRobot\build\libs\2022CompetitionRobot.jar
java_class_path (initial): C:\Users\quinn\OneDrive\Documents\GitHub\2022CompetitionRobot\build\libs\2022CompetitionRobot.jar
Launcher Type: SUN_STANDARD

[Global flags]
     intx CICompilerCount                          = 4                                         {product} {ergonomic}
     uint ConcGCThreads                            = 2                                         {product} {ergonomic}
     uint G1ConcRefinementThreads                  = 8                                         {product} {ergonomic}
   size_t G1HeapRegionSize                         = 1048576                                   {product} {ergonomic}
    uintx GCDrainStackTargetSize                   = 64                                        {product} {ergonomic}
   size_t InitialHeapSize                          = 132120576                                 {product} {ergonomic}
   size_t MarkStackSize                            = 4194304                                   {product} {ergonomic}
   size_t MaxHeapSize                              = 2092957696                                {product} {ergonomic}
   size_t MaxNewSize                               = 1255145472                                {product} {ergonomic}
   size_t MinHeapDeltaBytes                        = 1048576                                   {product} {ergonomic}
    uintx NonNMethodCodeHeapSize                   = 5836300                                {pd product} {ergonomic}
    uintx NonProfiledCodeHeapSize                  = 122910970                              {pd product} {ergonomic}
    uintx ProfiledCodeHeapSize                     = 122910970                              {pd product} {ergonomic}
    uintx ReservedCodeCacheSize                    = 251658240                              {pd product} {ergonomic}
     bool SegmentedCodeCache                       = true                                      {product} {ergonomic}
     bool UseCompressedClassPointers               = true                                 {lp64_product} {ergonomic}
     bool UseCompressedOops                        = true                                 {lp64_product} {ergonomic}
     bool UseG1GC                                  = true                                      {product} {ergonomic}
     bool UseLargePagesIndividualAllocation        = false                                  {pd product} {ergonomic}

Logging:
Log output configuration:
 #0: stdout all=warning uptime,level,tags
 #1: stderr all=off uptime,level,tags

Environment Variables:
JAVA_HOME=C:\Program Files\AdoptOpenJDK\jdk-11.0.10.9-hotspot\
PATH=C:\Program Files\AdoptOpenJDK\jdk-11.0.10.9-hotspot\bin;C:\Program Files (x86)\Common Files\Oracle\Java\javapath;C:\WINDOWS\system32;C:\WINDOWS;C:\WINDOWS\System32\Wbem;C:\WINDOWS\System32\WindowsPowerShell\v1.0\;C:\WINDOWS\System32\OpenSSH\;C:\Program Files (x86)\QuickTime\QTSystem\;C:\Program Files\Git\cmd;C:\Program Files\dotnet\;C:\Users\quinn\AppData\Local\Microsoft\WindowsApps;C:\Users\quinn\.dotnet\tools;C:\Users\quinn\AppData\Local\GitHubDesktop\bin;C:\Users\quinn\OneDrive\Documents\GitHub\2022CompetitionRobot\build\jni\release
USERNAME=quinn
OS=Windows_NT
PROCESSOR_IDENTIFIER=Intel64 Family 6 Model 142 Stepping 12, GenuineIntel



---------------  S Y S T E M  ---------------

OS: Windows 10 , 64 bit Build 19041 (10.0.19041.1466)
OS uptime: 1 days 19:09 hours

CPU:total 8 (initial active 8) (4 cores per cpu, 2 threads per core) family 6 model 142 stepping 12 microcode 0xd6, cmov, cx8, fxsr, mmx, sse, sse2, sse3, ssse3, sse4.1, sse4.2, popcnt, avx, avx2, aes, clmul, erms, 3dnowpref, lzcnt, ht, tsc, tscinvbit, bmi1, bmi2, adx, fma

Memory: 4k page, system-wide physical 7979M (1565M free)
TotalPageFile size 13099M (AvailPageFile size 2716M)
current process WorkingSet (physical memory assigned to process): 170M, peak: 196M
current process commit charge ("private bytes"): 241M, peak: 271M

vm_info: OpenJDK 64-Bit Server VM (11.0.10+9) for windows-amd64 JRE (11.0.10+9), built on Jan 20 2021 06:07:07 by "" with MS VC++ 15.9 (VS2017)

END.
